<?xml version="1.0" encoding="UTF-8"?>
<!-- Generated by org.testng.reporters.JUnitXMLReporter -->
<testsuite ignored="0" hostname="viveks-mbp-14.lan" failures="0" tests="23" name="Surefire test" time="0.682" errors="0" timestamp="29 Mar 2022 15:44:15 GMT">
  <testcase classname="io.trino.plugin.http.TestColumnHandle" name="testEquivalence" time="0.006"/>
  <testcase classname="io.trino.plugin.http.TestColumnHandle" name="testJsonRoundTrip" time="0.174"/>
  <testcase classname="io.trino.plugin.http.TestClient" name="testMetadata" time="0.184"/>
  <testcase classname="io.trino.plugin.http.TestConfig" name="testDefaults" time="0.105"/>
  <testcase classname="io.trino.plugin.http.TestConfig" name="testExplicitPropertyMappings" time="0.137"/>
  <testcase classname="io.trino.plugin.http.TestMetadata" name="getColumnMetadata" time="0.045"/>
  <testcase classname="io.trino.plugin.http.TestMetadata" name="getTableMetadata" time="0.002"/>
  <testcase classname="io.trino.plugin.http.TestMetadata" name="testCreateTable" time="0.026"/>
  <testcase classname="io.trino.plugin.http.TestMetadata" name="testDropTableTable" time="0.0"/>
  <testcase classname="io.trino.plugin.http.TestMetadata" name="testGetColumnHandles" time="0.002"/>
  <testcase classname="io.trino.plugin.http.TestMetadata" name="testGetTableHandle" time="0.001"/>
  <testcase classname="io.trino.plugin.http.TestMetadata" name="testListSchemaNames" time="0.001"/>
  <testcase classname="io.trino.plugin.http.TestMetadata" name="testListTables" time="0.001"/>
  <testcase classname="io.trino.plugin.http.TestRecordSet" name="testCursorSimple" time="0.051"/>
  <testcase classname="io.trino.plugin.http.TestRecordSet" name="testCursorMixedOrder" time="0.051"/>
  <testcase classname="io.trino.plugin.http.TestRecordSet" name="testGetColumnTypes" time="0.001"/>
  <testcase classname="io.trino.plugin.http.TestSplit" name="testAddresses" time="0.0"/>
  <testcase classname="io.trino.plugin.http.TestSplit" name="testJsonRoundTrip" time="0.001"/>
  <testcase classname="io.trino.plugin.http.TestTable" name="testColumnMetadata" time="0.0"/>
  <testcase classname="io.trino.plugin.http.TestTable" name="testRoundTrip" time="0.008"/>
  <testcase classname="io.trino.plugin.http.TestTableHandle" name="testEquivalence" time="0.001"/>
  <testcase classname="io.trino.plugin.http.TestTableHandle" name="testJsonRoundTrip" time="0.001"/>
  <testcase classname="io.trino.plugin.http.TestRecordSetProvider" name="testGetRecordSet" time="0.005"/>
</testsuite> <!-- Surefire test -->
