<?xml version="1.0" encoding="UTF-8"?>
<testng-results ignored="0" total="23" passed="23" failed="0" skipped="0">
  <reporter-output>
  </reporter-output>
  <suite started-at="2022-03-29T15:44:14Z" name="Surefire suite" finished-at="2022-03-29T15:44:15Z" duration-ms="682">
    <groups>
    </groups>
    <test started-at="2022-03-29T15:44:14Z" name="Surefire test" finished-at="2022-03-29T15:44:15Z" duration-ms="682">
      <class name="io.trino.plugin.http.TestClient">
        <test-method signature="testMetadata()[pri:0, instance:io.trino.plugin.http.TestClient@2a65fe7c]" started-at="2022-03-29T09:44:14Z" name="testMetadata" finished-at="2022-03-29T09:44:14Z" duration-ms="184" status="PASS">
          <reporter-output>
          </reporter-output>
        </test-method> <!-- testMetadata -->
      </class> <!-- io.trino.plugin.http.TestClient -->
      <class name="io.trino.plugin.http.TestTable">
        <test-method signature="testColumnMetadata()[pri:0, instance:io.trino.plugin.http.TestTable@4562e04d]" started-at="2022-03-29T09:44:15Z" name="testColumnMetadata" finished-at="2022-03-29T09:44:15Z" duration-ms="0" status="PASS">
          <reporter-output>
          </reporter-output>
        </test-method> <!-- testColumnMetadata -->
        <test-method signature="testRoundTrip()[pri:0, instance:io.trino.plugin.http.TestTable@4562e04d]" started-at="2022-03-29T09:44:15Z" name="testRoundTrip" finished-at="2022-03-29T09:44:15Z" duration-ms="8" status="PASS">
          <reporter-output>
          </reporter-output>
        </test-method> <!-- testRoundTrip -->
      </class> <!-- io.trino.plugin.http.TestTable -->
      <class name="io.trino.plugin.http.TestTableHandle">
        <test-method signature="testEquivalence()[pri:0, instance:io.trino.plugin.http.TestTableHandle@4c371370]" started-at="2022-03-29T09:44:15Z" name="testEquivalence" finished-at="2022-03-29T09:44:15Z" duration-ms="1" status="PASS">
          <reporter-output>
          </reporter-output>
        </test-method> <!-- testEquivalence -->
        <test-method signature="testJsonRoundTrip()[pri:0, instance:io.trino.plugin.http.TestTableHandle@4c371370]" started-at="2022-03-29T09:44:15Z" name="testJsonRoundTrip" finished-at="2022-03-29T09:44:15Z" duration-ms="1" status="PASS">
          <reporter-output>
          </reporter-output>
        </test-method> <!-- testJsonRoundTrip -->
      </class> <!-- io.trino.plugin.http.TestTableHandle -->
      <class name="io.trino.plugin.http.TestMetadata">
        <test-method is-config="true" signature="setUp()[pri:0, instance:io.trino.plugin.http.TestMetadata@3023df74]" started-at="2022-03-29T09:44:15Z" name="setUp" finished-at="2022-03-29T09:44:15Z" duration-ms="2" status="PASS">
          <reporter-output>
          </reporter-output>
        </test-method> <!-- setUp -->
        <test-method signature="getColumnMetadata()[pri:0, instance:io.trino.plugin.http.TestMetadata@3023df74]" started-at="2022-03-29T09:44:15Z" name="getColumnMetadata" finished-at="2022-03-29T09:44:15Z" duration-ms="45" status="PASS">
          <reporter-output>
          </reporter-output>
        </test-method> <!-- getColumnMetadata -->
        <test-method signature="getTableMetadata()[pri:0, instance:io.trino.plugin.http.TestMetadata@3023df74]" started-at="2022-03-29T09:44:15Z" name="getTableMetadata" finished-at="2022-03-29T09:44:15Z" duration-ms="2" status="PASS">
          <reporter-output>
          </reporter-output>
        </test-method> <!-- getTableMetadata -->
        <test-method is-config="true" signature="setUp()[pri:0, instance:io.trino.plugin.http.TestMetadata@3023df74]" started-at="2022-03-29T09:44:15Z" name="setUp" finished-at="2022-03-29T09:44:15Z" duration-ms="0" status="PASS">
          <reporter-output>
          </reporter-output>
        </test-method> <!-- setUp -->
        <test-method is-config="true" signature="setUp()[pri:0, instance:io.trino.plugin.http.TestMetadata@3023df74]" started-at="2022-03-29T09:44:15Z" name="setUp" finished-at="2022-03-29T09:44:15Z" duration-ms="0" status="PASS">
          <reporter-output>
          </reporter-output>
        </test-method> <!-- setUp -->
        <test-method signature="testCreateTable()[pri:0, instance:io.trino.plugin.http.TestMetadata@3023df74]" started-at="2022-03-29T09:44:15Z" name="testCreateTable" finished-at="2022-03-29T09:44:15Z" duration-ms="26" status="PASS">
          <reporter-output>
          </reporter-output>
        </test-method> <!-- testCreateTable -->
        <test-method is-config="true" signature="setUp()[pri:0, instance:io.trino.plugin.http.TestMetadata@3023df74]" started-at="2022-03-29T09:44:15Z" name="setUp" finished-at="2022-03-29T09:44:15Z" duration-ms="1" status="PASS">
          <reporter-output>
          </reporter-output>
        </test-method> <!-- setUp -->
        <test-method signature="testDropTableTable()[pri:0, instance:io.trino.plugin.http.TestMetadata@3023df74]" started-at="2022-03-29T09:44:15Z" name="testDropTableTable" finished-at="2022-03-29T09:44:15Z" duration-ms="0" status="PASS">
          <exception class="io.trino.spi.TrinoException">
            <message>
              <![CDATA[This connector does not support dropping tables]]>
            </message>
            <full-stacktrace>
              <![CDATA[io.trino.spi.TrinoException: This connector does not support dropping tables
	at io.trino.spi.connector.ConnectorMetadata.dropTable(ConnectorMetadata.java:318)
	at io.trino.plugin.http.TestMetadata.testDropTableTable(TestMetadata.java:153)
	at java.base/jdk.internal.reflect.DirectMethodHandleAccessor.invoke(DirectMethodHandleAccessor.java:104)
	at java.base/java.lang.reflect.Method.invoke(Method.java:577)
	at org.testng.internal.MethodInvocationHelper.invokeMethod(MethodInvocationHelper.java:104)
	at org.testng.internal.Invoker.invokeMethod(Invoker.java:645)
	at org.testng.internal.Invoker.invokeTestMethod(Invoker.java:851)
	at org.testng.internal.Invoker.invokeTestMethods(Invoker.java:1177)
	at org.testng.internal.TestMethodWorker.invokeTestMethods(TestMethodWorker.java:129)
	at org.testng.internal.TestMethodWorker.run(TestMethodWorker.java:112)
	at java.base/java.util.concurrent.ThreadPoolExecutor.runWorker(ThreadPoolExecutor.java:1136)
	at java.base/java.util.concurrent.ThreadPoolExecutor$Worker.run(ThreadPoolExecutor.java:635)
	at java.base/java.lang.Thread.run(Thread.java:833)
]]>
            </full-stacktrace>
          </exception> <!-- io.trino.spi.TrinoException -->
          <reporter-output>
          </reporter-output>
        </test-method> <!-- testDropTableTable -->
        <test-method is-config="true" signature="setUp()[pri:0, instance:io.trino.plugin.http.TestMetadata@3023df74]" started-at="2022-03-29T09:44:15Z" name="setUp" finished-at="2022-03-29T09:44:15Z" duration-ms="0" status="PASS">
          <reporter-output>
          </reporter-output>
        </test-method> <!-- setUp -->
        <test-method signature="testGetColumnHandles()[pri:0, instance:io.trino.plugin.http.TestMetadata@3023df74]" started-at="2022-03-29T09:44:15Z" name="testGetColumnHandles" finished-at="2022-03-29T09:44:15Z" duration-ms="2" status="PASS">
          <reporter-output>
          </reporter-output>
        </test-method> <!-- testGetColumnHandles -->
        <test-method signature="testGetTableHandle()[pri:0, instance:io.trino.plugin.http.TestMetadata@3023df74]" started-at="2022-03-29T09:44:15Z" name="testGetTableHandle" finished-at="2022-03-29T09:44:15Z" duration-ms="1" status="PASS">
          <reporter-output>
          </reporter-output>
        </test-method> <!-- testGetTableHandle -->
        <test-method is-config="true" signature="setUp()[pri:0, instance:io.trino.plugin.http.TestMetadata@3023df74]" started-at="2022-03-29T09:44:15Z" name="setUp" finished-at="2022-03-29T09:44:15Z" duration-ms="0" status="PASS">
          <reporter-output>
          </reporter-output>
        </test-method> <!-- setUp -->
        <test-method is-config="true" signature="setUp()[pri:0, instance:io.trino.plugin.http.TestMetadata@3023df74]" started-at="2022-03-29T09:44:15Z" name="setUp" finished-at="2022-03-29T09:44:15Z" duration-ms="1" status="PASS">
          <reporter-output>
          </reporter-output>
        </test-method> <!-- setUp -->
        <test-method signature="testListSchemaNames()[pri:0, instance:io.trino.plugin.http.TestMetadata@3023df74]" started-at="2022-03-29T09:44:15Z" name="testListSchemaNames" finished-at="2022-03-29T09:44:15Z" duration-ms="1" status="PASS">
          <reporter-output>
          </reporter-output>
        </test-method> <!-- testListSchemaNames -->
        <test-method signature="testListTables()[pri:0, instance:io.trino.plugin.http.TestMetadata@3023df74]" started-at="2022-03-29T09:44:15Z" name="testListTables" finished-at="2022-03-29T09:44:15Z" duration-ms="1" status="PASS">
          <reporter-output>
          </reporter-output>
        </test-method> <!-- testListTables -->
        <test-method is-config="true" signature="setUp()[pri:0, instance:io.trino.plugin.http.TestMetadata@3023df74]" started-at="2022-03-29T09:44:15Z" name="setUp" finished-at="2022-03-29T09:44:15Z" duration-ms="0" status="PASS">
          <reporter-output>
          </reporter-output>
        </test-method> <!-- setUp -->
      </class> <!-- io.trino.plugin.http.TestMetadata -->
      <class name="io.trino.plugin.http.TestRecordSet">
        <test-method is-config="true" signature="setUp()[pri:0, instance:io.trino.plugin.http.TestRecordSet@313ac989]" started-at="2022-03-29T09:44:15Z" name="setUp" finished-at="2022-03-29T09:44:15Z" duration-ms="264" status="PASS">
          <reporter-output>
          </reporter-output>
        </test-method> <!-- setUp -->
        <test-method signature="testCursorMixedOrder()[pri:0, instance:io.trino.plugin.http.TestRecordSet@313ac989]" started-at="2022-03-29T09:44:15Z" name="testCursorMixedOrder" finished-at="2022-03-29T09:44:15Z" duration-ms="51" status="PASS">
          <reporter-output>
          </reporter-output>
        </test-method> <!-- testCursorMixedOrder -->
        <test-method signature="testCursorSimple()[pri:0, instance:io.trino.plugin.http.TestRecordSet@313ac989]" started-at="2022-03-29T09:44:15Z" name="testCursorSimple" finished-at="2022-03-29T09:44:15Z" duration-ms="51" status="PASS">
          <reporter-output>
          </reporter-output>
        </test-method> <!-- testCursorSimple -->
        <test-method signature="testGetColumnTypes()[pri:0, instance:io.trino.plugin.http.TestRecordSet@313ac989]" started-at="2022-03-29T09:44:15Z" name="testGetColumnTypes" finished-at="2022-03-29T09:44:15Z" duration-ms="1" status="PASS">
          <reporter-output>
          </reporter-output>
        </test-method> <!-- testGetColumnTypes -->
        <test-method is-config="true" signature="tearDown()[pri:0, instance:io.trino.plugin.http.TestRecordSet@313ac989]" started-at="2022-03-29T09:44:15Z" name="tearDown" finished-at="2022-03-29T09:44:15Z" duration-ms="11" status="PASS">
          <reporter-output>
          </reporter-output>
        </test-method> <!-- tearDown -->
      </class> <!-- io.trino.plugin.http.TestRecordSet -->
      <class name="io.trino.plugin.http.TestConfig">
        <test-method signature="testDefaults()[pri:0, instance:io.trino.plugin.http.TestConfig@4135c3b]" started-at="2022-03-29T09:44:14Z" name="testDefaults" finished-at="2022-03-29T09:44:15Z" duration-ms="105" status="PASS">
          <reporter-output>
          </reporter-output>
        </test-method> <!-- testDefaults -->
        <test-method signature="testExplicitPropertyMappings()[pri:0, instance:io.trino.plugin.http.TestConfig@4135c3b]" started-at="2022-03-29T09:44:14Z" name="testExplicitPropertyMappings" finished-at="2022-03-29T09:44:15Z" duration-ms="137" status="PASS">
          <reporter-output>
          </reporter-output>
        </test-method> <!-- testExplicitPropertyMappings -->
      </class> <!-- io.trino.plugin.http.TestConfig -->
      <class name="io.trino.plugin.http.TestRecordSetProvider">
        <test-method is-config="true" signature="setUp()[pri:0, instance:io.trino.plugin.http.TestRecordSetProvider@799f10e1]" started-at="2022-03-29T09:44:15Z" name="setUp" finished-at="2022-03-29T09:44:15Z" duration-ms="32" status="PASS">
          <reporter-output>
          </reporter-output>
        </test-method> <!-- setUp -->
        <test-method signature="testGetRecordSet()[pri:0, instance:io.trino.plugin.http.TestRecordSetProvider@799f10e1]" started-at="2022-03-29T09:44:15Z" name="testGetRecordSet" finished-at="2022-03-29T09:44:15Z" duration-ms="5" status="PASS">
          <reporter-output>
          </reporter-output>
        </test-method> <!-- testGetRecordSet -->
        <test-method is-config="true" signature="tearDown()[pri:0, instance:io.trino.plugin.http.TestRecordSetProvider@799f10e1]" started-at="2022-03-29T09:44:15Z" name="tearDown" finished-at="2022-03-29T09:44:15Z" duration-ms="2" status="PASS">
          <reporter-output>
          </reporter-output>
        </test-method> <!-- tearDown -->
      </class> <!-- io.trino.plugin.http.TestRecordSetProvider -->
      <class name="io.trino.plugin.http.TestColumnHandle">
        <test-method signature="testEquivalence()[pri:0, instance:io.trino.plugin.http.TestColumnHandle@18078bef]" started-at="2022-03-29T09:44:14Z" name="testEquivalence" finished-at="2022-03-29T09:44:14Z" duration-ms="6" status="PASS">
          <reporter-output>
          </reporter-output>
        </test-method> <!-- testEquivalence -->
        <test-method signature="testJsonRoundTrip()[pri:0, instance:io.trino.plugin.http.TestColumnHandle@18078bef]" started-at="2022-03-29T09:44:14Z" name="testJsonRoundTrip" finished-at="2022-03-29T09:44:14Z" duration-ms="174" status="PASS">
          <reporter-output>
          </reporter-output>
        </test-method> <!-- testJsonRoundTrip -->
      </class> <!-- io.trino.plugin.http.TestColumnHandle -->
      <class name="io.trino.plugin.http.TestSplit">
        <test-method signature="testAddresses()[pri:0, instance:io.trino.plugin.http.TestSplit@145f66e3]" started-at="2022-03-29T09:44:15Z" name="testAddresses" finished-at="2022-03-29T09:44:15Z" duration-ms="0" status="PASS">
          <reporter-output>
          </reporter-output>
        </test-method> <!-- testAddresses -->
        <test-method signature="testJsonRoundTrip()[pri:0, instance:io.trino.plugin.http.TestSplit@145f66e3]" started-at="2022-03-29T09:44:15Z" name="testJsonRoundTrip" finished-at="2022-03-29T09:44:15Z" duration-ms="1" status="PASS">
          <reporter-output>
          </reporter-output>
        </test-method> <!-- testJsonRoundTrip -->
      </class> <!-- io.trino.plugin.http.TestSplit -->
    </test> <!-- Surefire test -->
  </suite> <!-- Surefire suite -->
</testng-results>
