<?xml version="1.0" encoding="UTF-8"?>
<testsuite xmlns:xsi="http://www.w3.org/2001/XMLSchema-instance" xsi:noNamespaceSchemaLocation="https://maven.apache.org/surefire/maven-surefire-plugin/xsd/surefire-test-report-3.0.xsd" version="3.0" name="TestSuite" time="0.962" tests="23" errors="0" skipped="0" failures="0">
  <properties>
[...]
</properties>
  <testcase name="testEquivalence" classname="io.trino.plugin.http.TestColumnHandle" time="0.005"/>
  <testcase name="testJsonRoundTrip" classname="io.trino.plugin.http.TestColumnHandle" time="0.18"/>
  <testcase name="testMetadata" classname="io.trino.plugin.http.TestClient" time="0.002"/>
  <testcase name="testDefaults" classname="io.trino.plugin.http.TestConfig" time="0.102"/>
  <testcase name="testExplicitPropertyMappings" classname="io.trino.plugin.http.TestConfig" time="0.032"/>
  <testcase name="getColumnMetadata" classname="io.trino.plugin.http.TestMetadata" time="0.045"/>
  <testcase name="getTableMetadata" classname="io.trino.plugin.http.TestMetadata" time="0.002"/>
  <testcase name="testCreateTable" classname="io.trino.plugin.http.TestMetadata" time="0.024">
    <system-err><![CDATA[2022-03-29T06:27:52.722-0600 INFO Loading configuration
]]></system-err>
  </testcase>
  <testcase name="testDropTableTable" classname="io.trino.plugin.http.TestMetadata" time="0"/>
  <testcase name="testGetColumnHandles" classname="io.trino.plugin.http.TestMetadata" time="0.003"/>
  <testcase name="testGetTableHandle" classname="io.trino.plugin.http.TestMetadata" time="0.001"/>
  <testcase name="testListSchemaNames" classname="io.trino.plugin.http.TestMetadata" time="0.001"/>
  <testcase name="testListTables" classname="io.trino.plugin.http.TestMetadata" time="0.001"/>
  <testcase name="testCursorSimple" classname="io.trino.plugin.http.TestRecordSet" time="0.044">
    <system-err><![CDATA[2022-03-29T06:27:52.828-0600 INFO PROPERTY                                       DEFAULT                   RUNTIME                   DESCRIPTION
2022-03-29T06:27:52.828-0600 INFO http-server.admin.enabled                      false                     false
2022-03-29T06:27:52.828-0600 INFO http-server.admin.threads.max                  200                       200
2022-03-29T06:27:52.828-0600 INFO http-server.admin.threads.min                  2                         2
2022-03-29T06:27:52.828-0600 INFO http-server.admin.port                         0                         0
2022-03-29T06:27:52.828-0600 INFO http-server.http2.session-receive-window-size  16MB                      16MB                      Initial size of session's flow control receive window for HTTP/2
2022-03-29T06:27:52.828-0600 INFO http-server.http2.stream-receive-window-size   16MB                      16MB                      Initial size of stream's flow control receive window for HTTP/2
2022-03-29T06:27:52.829-0600 INFO http-server.http2.input-buffer-size            8kB                       8kB                       Size of the buffer used to read from the network for HTTP/2
2022-03-29T06:27:52.829-0600 INFO http-server.http2.max-concurrent-streams       16384                     16384                     Maximum concurrent streams per connection for HTTP/2
2022-03-29T06:27:52.829-0600 INFO http-server.http2.stream-idle-timeout          15.00s                    15.00s
2022-03-29T06:27:52.829-0600 INFO http-server.accept-queue-size                  8000                      8000
2022-03-29T06:27:52.829-0600 INFO http-server.http.acceptor-threads              ----                      ----
2022-03-29T06:27:52.829-0600 INFO http-server.http.enabled                       true                      true
2022-03-29T06:27:52.830-0600 INFO http-server.http.port                          0                         0
2022-03-29T06:27:52.830-0600 INFO http-server.http.selector-threads              ----                      ----
2022-03-29T06:27:52.830-0600 INFO http-server.https.acceptor-threads             ----                      ----
2022-03-29T06:27:52.830-0600 INFO http-server.https.enabled                      false                     false
2022-03-29T06:27:52.830-0600 INFO http-server.https.selector-threads             ----                      ----
2022-03-29T06:27:52.830-0600 INFO http-server.log.compression.enabled            true                      true
2022-03-29T06:27:52.830-0600 INFO http-server.log.enabled                        true                      true
2022-03-29T06:27:52.830-0600 INFO http-server.log.max-history                    15                        15
2022-03-29T06:27:52.830-0600 INFO http-server.log.max-size                       100MB                     100MB
2022-03-29T06:27:52.830-0600 INFO http-server.log.path                           var/log/http-request.log  var/log/http-request.log
2022-03-29T06:27:52.831-0600 INFO http-server.log.queue-size                     10000                     10000
2022-03-29T06:27:52.831-0600 INFO http-server.max-request-header-size            ----                      ----
2022-03-29T06:27:52.831-0600 INFO http-server.max-response-header-size           ----                      ----
2022-03-29T06:27:52.831-0600 INFO http-server.threads.max                        200                       200
2022-03-29T06:27:52.831-0600 INFO http-server.threads.min                        2                         2
2022-03-29T06:27:52.831-0600 INFO http-server.net.max-idle-time                  200.00s                   200.00s
2022-03-29T06:27:52.831-0600 INFO http-server.process-forwarded                  false                     false                     Process Forwarded and X-Forwarded headers (for proxied environments)
2022-03-29T06:27:52.831-0600 INFO http-server.show-stack-trace                   true                      true                      Show the stack trace when generating an error response
2022-03-29T06:27:52.831-0600 INFO http-server.threads.max-idle-time              1.00m                     1.00m
2022-03-29T06:27:52.831-0600 INFO http-server.auth.users-file                    ----                      ----
2022-03-29T06:27:52.915-0600 INFO Logging initialized @880ms to org.eclipse.jetty.util.log.Slf4jLog
2022-03-29T06:27:52.963-0600 INFO jetty-9.4.44.v20210927; built: 2021-09-27T23:02:44.612Z; git: 8da83308eeca865e495e53ef315a249d63ba9332; jvm 18+36-2087
2022-03-29T06:27:52.972-0600 INFO Started o.e.j.s.ServletContextHandler@3230c666{/,null,AVAILABLE,@http}
2022-03-29T06:27:52.977-0600 INFO Started http@2244da58{HTTP/1.1, (http/1.1, h2c)}{127.0.0.1:59231}
2022-03-29T06:27:52.978-0600 INFO Started @943ms
2022-03-29T06:27:52.978-0600 INFO Life cycle starting...
2022-03-29T06:27:52.978-0600 INFO Life cycle started
]]></system-err>
  </testcase>
  <testcase name="testCursorMixedOrder" classname="io.trino.plugin.http.TestRecordSet" time="0.044"/>
  <testcase name="testGetColumnTypes" classname="io.trino.plugin.http.TestRecordSet" time="0">
    <system-err><![CDATA[2022-03-29T06:27:53.030-0600 INFO Loading configuration
]]></system-err>
  </testcase>
  <testcase name="testAddresses" classname="io.trino.plugin.http.TestSplit" time="0">
    <system-err><![CDATA[2022-03-29T06:27:53.030-0600 INFO Life cycle stopping...
2022-03-29T06:27:53.034-0600 INFO Stopped http@2244da58{HTTP/1.1, (http/1.1, h2c)}{127.0.0.1:59231}
2022-03-29T06:27:53.035-0600 INFO Stopped o.e.j.s.ServletContextHandler@3230c666{/,null,STOPPED,@http}
2022-03-29T06:27:53.039-0600 INFO Life cycle stopped
]]></system-err>
  </testcase>
  <testcase name="testJsonRoundTrip" classname="io.trino.plugin.http.TestSplit" time="0.001"/>
  <testcase name="testColumnMetadata" classname="io.trino.plugin.http.TestTable" time="0"/>
  <testcase name="testRoundTrip" classname="io.trino.plugin.http.TestTable" time="0.015">
    <system-err><![CDATA[2022-03-29T06:27:53.045-0600 INFO PROPERTY                                       DEFAULT                   RUNTIME                   DESCRIPTION
2022-03-29T06:27:53.045-0600 INFO http-server.admin.enabled                      false                     false
2022-03-29T06:27:53.045-0600 INFO http-server.admin.threads.max                  200                       200
2022-03-29T06:27:53.046-0600 INFO http-server.admin.threads.min                  2                         2
2022-03-29T06:27:53.046-0600 INFO http-server.admin.port                         0                         0
2022-03-29T06:27:53.046-0600 INFO http-server.http2.session-receive-window-size  16MB                      16MB                      Initial size of session's flow control receive window for HTTP/2
2022-03-29T06:27:53.046-0600 INFO http-server.http2.stream-receive-window-size   16MB                      16MB                      Initial size of stream's flow control receive window for HTTP/2
2022-03-29T06:27:53.046-0600 INFO http-server.http2.input-buffer-size            8kB                       8kB                       Size of the buffer used to read from the network for HTTP/2
2022-03-29T06:27:53.046-0600 INFO http-server.http2.max-concurrent-streams       16384                     16384                     Maximum concurrent streams per connection for HTTP/2
2022-03-29T06:27:53.046-0600 INFO http-server.http2.stream-idle-timeout          15.00s                    15.00s
2022-03-29T06:27:53.046-0600 INFO http-server.accept-queue-size                  8000                      8000
2022-03-29T06:27:53.046-0600 INFO http-server.http.acceptor-threads              ----                      ----
2022-03-29T06:27:53.046-0600 INFO http-server.http.enabled                       true                      true
2022-03-29T06:27:53.046-0600 INFO http-server.http.port                          0                         0
2022-03-29T06:27:53.046-0600 INFO http-server.http.selector-threads              ----                      ----
2022-03-29T06:27:53.046-0600 INFO http-server.https.acceptor-threads             ----                      ----
2022-03-29T06:27:53.047-0600 INFO http-server.https.enabled                      false                     false
2022-03-29T06:27:53.047-0600 INFO http-server.https.selector-threads             ----                      ----
2022-03-29T06:27:53.047-0600 INFO http-server.log.compression.enabled            true                      true
2022-03-29T06:27:53.047-0600 INFO http-server.log.enabled                        true                      true
2022-03-29T06:27:53.047-0600 INFO http-server.log.max-history                    15                        15
2022-03-29T06:27:53.047-0600 INFO http-server.log.max-size                       100MB                     100MB
2022-03-29T06:27:53.047-0600 INFO http-server.log.path                           var/log/http-request.log  var/log/http-request.log
2022-03-29T06:27:53.047-0600 INFO http-server.log.queue-size                     10000                     10000
2022-03-29T06:27:53.047-0600 INFO http-server.max-request-header-size            ----                      ----
2022-03-29T06:27:53.047-0600 INFO http-server.max-response-header-size           ----                      ----
2022-03-29T06:27:53.047-0600 INFO http-server.threads.max                        200                       200
2022-03-29T06:27:53.047-0600 INFO http-server.threads.min                        2                         2
2022-03-29T06:27:53.047-0600 INFO http-server.net.max-idle-time                  200.00s                   200.00s
2022-03-29T06:27:53.048-0600 INFO http-server.process-forwarded                  false                     false                     Process Forwarded and X-Forwarded headers (for proxied environments)
2022-03-29T06:27:53.048-0600 INFO http-server.show-stack-trace                   true                      true                      Show the stack trace when generating an error response
2022-03-29T06:27:53.048-0600 INFO http-server.threads.max-idle-time              1.00m                     1.00m
2022-03-29T06:27:53.048-0600 INFO http-server.auth.users-file                    ----                      ----
]]></system-err>
  </testcase>
  <testcase name="testEquivalence" classname="io.trino.plugin.http.TestTableHandle" time="0"/>
  <testcase name="testJsonRoundTrip" classname="io.trino.plugin.http.TestTableHandle" time="0"/>
  <testcase name="testGetRecordSet" classname="io.trino.plugin.http.TestRecordSetProvider" time="0.003">
    <system-err><![CDATA[2022-03-29T06:27:53.056-0600 INFO jetty-9.4.44.v20210927; built: 2021-09-27T23:02:44.612Z; git: 8da83308eeca865e495e53ef315a249d63ba9332; jvm 18+36-2087
2022-03-29T06:27:53.057-0600 INFO Started o.e.j.s.ServletContextHandler@5158dabf{/,null,AVAILABLE,@http}
2022-03-29T06:27:53.058-0600 INFO Started http@7da2a886{HTTP/1.1, (http/1.1, h2c)}{127.0.0.1:59236}
2022-03-29T06:27:53.058-0600 INFO Started @1023ms
2022-03-29T06:27:53.058-0600 INFO Life cycle starting...
2022-03-29T06:27:53.058-0600 INFO Life cycle started
]]></system-err>
  </testcase>
</testsuite>