<?xml version="1.0" encoding="UTF-8"?>
<!-- Generated by org.testng.reporters.JUnitReportReporter -->
<testsuite ignored="0" hostname="viveks-mbp-14.lan" failures="0" tests="2" name="io.trino.plugin.http.TestSplit" time="0.001" errors="0" timestamp="29 Mar 2022 15:44:15 GMT" skipped="0">
  <testcase classname="io.trino.plugin.http.TestSplit" name="testAddresses" time="0.000"/>
  <testcase classname="io.trino.plugin.http.TestSplit" name="testJsonRoundTrip" time="0.001"/>
</testsuite> <!-- io.trino.plugin.http.TestSplit -->
