<?xml version="1.0" encoding="UTF-8"?>
<!-- Generated by org.testng.reporters.JUnitReportReporter -->
<testsuite ignored="0" hostname="viveks-mbp-14.lan" failures="0" tests="2" name="io.trino.plugin.http.TestTableHandle" time="0.002" errors="0" timestamp="29 Mar 2022 12:27:53 GMT" skipped="0">
  <testcase classname="io.trino.plugin.http.TestTableHandle" name="testEquivalence" time="0.000"/>
  <testcase classname="io.trino.plugin.http.TestTableHandle" name="testJsonRoundTrip" time="0.002"/>
</testsuite> <!-- io.trino.plugin.http.TestTableHandle -->
